<?xml version='1.0' encoding='UTF-8'?>
<testsuite hostname="thomasho" name="LexerSuite" tests="100" errors="0" failures="4" skipped="0" time="2.212">
                     <properties>
      <property name="jline.esc.timeout" value="0"/><property name="jna.platform.library.path" value="/usr/lib/x86_64-linux-gnu:/lib/x86_64-linux-gnu:/lib64:/usr/lib:/lib:/usr/lib32:/lib32:/usr/lib/nvidia-340:/usr/lib32/nvidia-340:/usr/lib/nvidia-340/tls:/usr/lib32/nvidia-340/tls:/usr/lib/x86_64-linux-gnu/libfakeroot:/usr/lib/x86_64-linux-gnu/mesa-egl"/><property name="java.runtime.name" value="Java(TM) SE Runtime Environment"/><property name="sun.boot.library.path" value="/usr/lib/jvm/java-8-oracle/jre/lib/amd64"/><property name="java.vm.version" value="25.161-b12"/><property name="java.vm.vendor" value="Oracle Corporation"/><property name="java.vendor.url" value="http://java.oracle.com/"/><property name="path.separator" value=":"/><property name="jna.loaded" value="true"/><property name="java.vm.name" value="Java HotSpot(TM) 64-Bit Server VM"/><property name="file.encoding.pkg" value="sun.io"/><property name="user.country" value="US"/><property name="sun.java.launcher" value="SUN_STANDARD"/><property name="sun.os.patch.level" value="unknown"/><property name="jna.nosys" value="true"/><property name="java.vm.specification.name" value="Java Virtual Machine Specification"/><property name="user.dir" value="/home/thomasho/Documents/PPL/micro_c_compiler"/><property name="java.runtime.version" value="1.8.0_161-b12"/><property name="java.awt.graphicsenv" value="sun.awt.X11GraphicsEnvironment"/><property name="java.endorsed.dirs" value="/usr/lib/jvm/java-8-oracle/jre/lib/endorsed"/><property name="os.arch" value="amd64"/><property name="java.io.tmpdir" value="/tmp"/><property name="line.separator" value="
"/><property name="java.vm.specification.vendor" value="Oracle Corporation"/><property name="os.name" value="Linux"/><property name="sun.jnu.encoding" value="UTF-8"/><property name="jnidispatch.path" value="/tmp/jna-1395141387/jna5275045284139216879.tmp"/><property name="java.library.path" value="/usr/java/packages/lib/amd64:/usr/lib64:/lib64:/lib:/usr/lib"/><property name="java.specification.name" value="Java Platform API Specification"/><property name="java.class.version" value="52.0"/><property name="sun.management.compiler" value="HotSpot 64-Bit Tiered Compilers"/><property name="os.version" value="4.13.0-38-generic"/><property name="user.home" value="/home/thomasho"/><property name="user.timezone" value="Asia/Ho_Chi_Minh"/><property name="java.awt.printerjob" value="sun.print.PSPrinterJob"/><property name="file.encoding" value="UTF-8"/><property name="java.specification.version" value="1.8"/><property name="java.class.path" value="/usr/share/sbt/bin/sbt-launch.jar"/><property name="user.name" value="thomasho"/><property name="jline.shutdownhook" value="false"/><property name="java.vm.specification.version" value="1.8"/><property name="sun.java.command" value="/usr/share/sbt/bin/sbt-launch.jar"/><property name="java.home" value="/usr/lib/jvm/java-8-oracle/jre"/><property name="sun.arch.data.model" value="64"/><property name="user.language" value="en"/><property name="java.specification.vendor" value="Oracle Corporation"/><property name="awt.toolkit" value="sun.awt.X11.XToolkit"/><property name="java.vm.info" value="mixed mode"/><property name="java.version" value="1.8.0_161"/><property name="java.ext.dirs" value="/usr/lib/jvm/java-8-oracle/jre/lib/ext:/usr/java/packages/lib/ext"/><property name="sun.boot.class.path" value="/usr/lib/jvm/java-8-oracle/jre/lib/resources.jar:/usr/lib/jvm/java-8-oracle/jre/lib/rt.jar:/usr/lib/jvm/java-8-oracle/jre/lib/sunrsasign.jar:/usr/lib/jvm/java-8-oracle/jre/lib/jsse.jar:/usr/lib/jvm/java-8-oracle/jre/lib/jce.jar:/usr/lib/jvm/java-8-oracle/jre/lib/charsets.jar:/usr/lib/jvm/java-8-oracle/jre/lib/jfr.jar:/usr/lib/jvm/java-8-oracle/jre/classes"/><property name="java.vendor" value="Oracle Corporation"/><property name="file.separator" value="/"/><property name="java.vendor.url.bug" value="http://bugreport.sun.com/bugreport/"/><property name="sun.io.unicode.encoding" value="UnicodeLittle"/><property name="sun.cpu.endian" value="little"/><property name="sun.desktop" value="gnome"/><property name="sun.cpu.isalist" value=""/>
    </properties>
                     <testcase classname="LexerSuite" name="001 - A simple identifier" time="0.199">
                                                 
                                               </testcase><testcase classname="LexerSuite" name="002 - Half function declare" time="0.025">
                                                 
                                               </testcase><testcase classname="LexerSuite" name="003 - Open and close parentheses" time="0.012">
                                                 
                                               </testcase><testcase classname="LexerSuite" name="004 - Block comment" time="0.021">
                                                 
                                               </testcase><testcase classname="LexerSuite" name="005 - Block comment &amp; line comment - no error" time="0.033">
                                                 
                                               </testcase><testcase classname="LexerSuite" name="006 - Boolean literal - no error" time="0.049">
                                                 
                                               </testcase><testcase classname="LexerSuite" name="007 - String literal - no error" time="0.027">
                                                 
                                               </testcase><testcase classname="LexerSuite" name="008 - Operator testing - no error" time="0.033">
                                                 
                                               </testcase><testcase classname="LexerSuite" name="009 - Boolean &amp; int literal - no error" time="0.02">
                                                 
                                               </testcase><testcase classname="LexerSuite" name="010 - Float literal - no error" time="0.031">
                                                 
                                               </testcase><testcase classname="LexerSuite" name="011 - Not Float literal - error token - no fractional part" time="0.048">
                                                 
                                               </testcase><testcase classname="LexerSuite" name="012 - Not Float literal - No digit after exponent" time="0.017">
                                                 
                                               </testcase><testcase classname="LexerSuite" name="013 - String with [enter] - illegal escape" time="0.038">
                                                 <failure message="LexerSuite.this.checkLex(input, expect, 13) was false" type="org.scalatest.exceptions.TestFailedException">org.scalatest.exceptions.TestFailedException: LexerSuite.this.checkLex(input, expect, 13) was false
	at org.scalatest.Assertions.newAssertionFailedException(Assertions.scala:528)
	at org.scalatest.Assertions.newAssertionFailedException$(Assertions.scala:527)
	at org.scalatest.FunSuite.newAssertionFailedException(FunSuite.scala:1560)
	at org.scalatest.Assertions$AssertionsHelper.macroAssert(Assertions.scala:501)
	at LexerSuite.$anonfun$new$13(LexerSuite.scala:102)
	at org.scalatest.OutcomeOf.outcomeOf(OutcomeOf.scala:85)
	at org.scalatest.OutcomeOf.outcomeOf$(OutcomeOf.scala:83)
	at org.scalatest.OutcomeOf$.outcomeOf(OutcomeOf.scala:104)
	at org.scalatest.Transformer.apply(Transformer.scala:22)
	at org.scalatest.Transformer.apply(Transformer.scala:20)
	at org.scalatest.FunSuiteLike$$anon$1.apply(FunSuiteLike.scala:186)
	at org.scalatest.TestSuite.withFixture(TestSuite.scala:196)
	at org.scalatest.TestSuite.withFixture$(TestSuite.scala:195)
	at org.scalatest.FunSuite.withFixture(FunSuite.scala:1560)
	at org.scalatest.FunSuiteLike.invokeWithFixture$1(FunSuiteLike.scala:184)
	at org.scalatest.FunSuiteLike.$anonfun$runTest$1(FunSuiteLike.scala:196)
	at org.scalatest.SuperEngine.runTestImpl(Engine.scala:289)
	at org.scalatest.FunSuiteLike.runTest(FunSuiteLike.scala:196)
	at org.scalatest.FunSuiteLike.runTest$(FunSuiteLike.scala:178)
	at org.scalatest.FunSuite.runTest(FunSuite.scala:1560)
	at org.scalatest.FunSuiteLike.$anonfun$runTests$1(FunSuiteLike.scala:229)
	at org.scalatest.SuperEngine.$anonfun$runTestsInBranch$1(Engine.scala:396)
	at scala.collection.immutable.List.foreach(List.scala:389)
	at org.scalatest.SuperEngine.traverseSubNodes$1(Engine.scala:384)
	at org.scalatest.SuperEngine.runTestsInBranch(Engine.scala:379)
	at org.scalatest.SuperEngine.runTestsImpl(Engine.scala:461)
	at org.scalatest.FunSuiteLike.runTests(FunSuiteLike.scala:229)
	at org.scalatest.FunSuiteLike.runTests$(FunSuiteLike.scala:228)
	at org.scalatest.FunSuite.runTests(FunSuite.scala:1560)
	at org.scalatest.Suite.run(Suite.scala:1147)
	at org.scalatest.Suite.run$(Suite.scala:1129)
	at org.scalatest.FunSuite.org$scalatest$FunSuiteLike$$super$run(FunSuite.scala:1560)
	at org.scalatest.FunSuiteLike.$anonfun$run$1(FunSuiteLike.scala:233)
	at org.scalatest.SuperEngine.runImpl(Engine.scala:521)
	at org.scalatest.FunSuiteLike.run(FunSuiteLike.scala:233)
	at org.scalatest.FunSuiteLike.run$(FunSuiteLike.scala:232)
	at org.scalatest.FunSuite.run(FunSuite.scala:1560)
	at org.scalatest.tools.Framework.org$scalatest$tools$Framework$$runSuite(Framework.scala:314)
	at org.scalatest.tools.Framework$ScalaTestTask.execute(Framework.scala:507)
	at sbt.TestRunner.runTest$1(TestFramework.scala:106)
	at sbt.TestRunner.run(TestFramework.scala:117)
	at sbt.TestFramework$$anon$2$$anonfun$$lessinit$greater$1.$anonfun$apply$1(TestFramework.scala:262)
	at sbt.TestFramework$.sbt$TestFramework$$withContextLoader(TestFramework.scala:233)
	at sbt.TestFramework$$anon$2$$anonfun$$lessinit$greater$1.apply(TestFramework.scala:262)
	at sbt.TestFramework$$anon$2$$anonfun$$lessinit$greater$1.apply(TestFramework.scala:262)
	at sbt.TestFunction.apply(TestFramework.scala:271)
	at sbt.Tests$.$anonfun$toTask$1(Tests.scala:281)
	at sbt.std.Transform$$anon$3.$anonfun$apply$2(System.scala:46)
	at sbt.std.Transform$$anon$4.work(System.scala:66)
	at sbt.Execute.$anonfun$submit$2(Execute.scala:262)
	at sbt.internal.util.ErrorHandling$.wideConvert(ErrorHandling.scala:16)
	at sbt.Execute.work(Execute.scala:271)
	at sbt.Execute.$anonfun$submit$1(Execute.scala:262)
	at sbt.ConcurrentRestrictions$$anon$4.$anonfun$submitValid$1(ConcurrentRestrictions.scala:174)
	at sbt.CompletionService$$anon$2.call(CompletionService.scala:36)
	at java.util.concurrent.FutureTask.run(FutureTask.java:266)
	at java.util.concurrent.Executors$RunnableAdapter.call(Executors.java:511)
	at java.util.concurrent.FutureTask.run(FutureTask.java:266)
	at java.util.concurrent.ThreadPoolExecutor.runWorker(ThreadPoolExecutor.java:1149)
	at java.util.concurrent.ThreadPoolExecutor$Worker.run(ThreadPoolExecutor.java:624)
	at java.lang.Thread.run(Thread.java:748)
</failure>
                                               </testcase><testcase classname="LexerSuite" name="014 - Unclosed string" time="0.033">
                                                 
                                               </testcase><testcase classname="LexerSuite" name="015 - test INTLIT 2" time="0.009">
                                                 
                                               </testcase><testcase classname="LexerSuite" name="016 - test INTLIT 3" time="0.01">
                                                 
                                               </testcase><testcase classname="LexerSuite" name="017 - test FLOATLIT 1" time="0.003">
                                                 
                                               </testcase><testcase classname="LexerSuite" name="018 - test FLOATLIT 2" time="0.032">
                                                 
                                               </testcase><testcase classname="LexerSuite" name="019 - test FLOATLIT 3" time="0.004">
                                                 
                                               </testcase><testcase classname="LexerSuite" name="020 - test FLOATLIT 4" time="0.029">
                                                 
                                               </testcase><testcase classname="LexerSuite" name="021 - test FLOATLIT 5" time="0.027">
                                                 
                                               </testcase><testcase classname="LexerSuite" name="022 - test FLOATLIT 6" time="0.023">
                                                 
                                               </testcase><testcase classname="LexerSuite" name="023 - test FLOATLIT 7" time="0.04">
                                                 
                                               </testcase><testcase classname="LexerSuite" name="024 - test FLOATLIT 8" time="0.004">
                                                 
                                               </testcase><testcase classname="LexerSuite" name="025 - test FLOATLIT 9" time="0.029">
                                                 
                                               </testcase><testcase classname="LexerSuite" name="026 - test FLOATLIT 10" time="0.044">
                                                 
                                               </testcase><testcase classname="LexerSuite" name="027 - test FLOATLIT 11" time="0.007">
                                                 
                                               </testcase><testcase classname="LexerSuite" name="028 - test FLOATLIT 12" time="0.003">
                                                 
                                               </testcase><testcase classname="LexerSuite" name="029 - test BOOLIT 1" time="0.002">
                                                 
                                               </testcase><testcase classname="LexerSuite" name="030 - test BOOLIT 2" time="0.006">
                                                 
                                               </testcase><testcase classname="LexerSuite" name="031 - test BOOLIT 3" time="0.008">
                                                 
                                               </testcase><testcase classname="LexerSuite" name="032 - test KEYWORD 1" time="0.004">
                                                 
                                               </testcase><testcase classname="LexerSuite" name="033 - test OPERATOR 1" time="0.005">
                                                 
                                               </testcase><testcase classname="LexerSuite" name="034 - test SEPARATOR 1" time="0.047">
                                                 
                                               </testcase><testcase classname="LexerSuite" name="035 - test SRINGLIT 1" time="0.031">
                                                 
                                               </testcase><testcase classname="LexerSuite" name="036 - test SRINGLIT 2" time="0.036">
                                                 
                                               </testcase><testcase classname="LexerSuite" name="037 - test SRINGLIT 3" time="0.012">
                                                 
                                               </testcase><testcase classname="LexerSuite" name="038 - test SRINGLIT 4" time="0.016">
                                                 
                                               </testcase><testcase classname="LexerSuite" name="039 - test Identifier 1" time="0.055">
                                                 
                                               </testcase><testcase classname="LexerSuite" name="040 - test Identifier 2" time="0.041">
                                                 
                                               </testcase><testcase classname="LexerSuite" name="041 - test Identifier 3" time="0.003">
                                                 
                                               </testcase><testcase classname="LexerSuite" name="042 - test Identifier 4" time="0.015">
                                                 
                                               </testcase><testcase classname="LexerSuite" name="043 - test Identifier 5" time="0.013">
                                                 
                                               </testcase><testcase classname="LexerSuite" name="044 - test Identifier 6" time="0.037">
                                                 
                                               </testcase><testcase classname="LexerSuite" name="045 - test Identifier 7" time="0.006">
                                                 
                                               </testcase><testcase classname="LexerSuite" name="046 - test Identifier 8" time="0.012">
                                                 
                                               </testcase><testcase classname="LexerSuite" name="047 - test Identifier 9" time="0.007">
                                                 
                                               </testcase><testcase classname="LexerSuite" name="048 - test Unclosed string 1" time="0.02">
                                                 
                                               </testcase><testcase classname="LexerSuite" name="049 - test Unclosed string 2" time="0.026">
                                                 <failure message="LexerSuite.this.checkLex(input, expect, 49) was false" type="org.scalatest.exceptions.TestFailedException">org.scalatest.exceptions.TestFailedException: LexerSuite.this.checkLex(input, expect, 49) was false
	at org.scalatest.Assertions.newAssertionFailedException(Assertions.scala:528)
	at org.scalatest.Assertions.newAssertionFailedException$(Assertions.scala:527)
	at org.scalatest.FunSuite.newAssertionFailedException(FunSuite.scala:1560)
	at org.scalatest.Assertions$AssertionsHelper.macroAssert(Assertions.scala:501)
	at LexerSuite.$anonfun$new$49(LexerSuite.scala:284)
	at org.scalatest.OutcomeOf.outcomeOf(OutcomeOf.scala:85)
	at org.scalatest.OutcomeOf.outcomeOf$(OutcomeOf.scala:83)
	at org.scalatest.OutcomeOf$.outcomeOf(OutcomeOf.scala:104)
	at org.scalatest.Transformer.apply(Transformer.scala:22)
	at org.scalatest.Transformer.apply(Transformer.scala:20)
	at org.scalatest.FunSuiteLike$$anon$1.apply(FunSuiteLike.scala:186)
	at org.scalatest.TestSuite.withFixture(TestSuite.scala:196)
	at org.scalatest.TestSuite.withFixture$(TestSuite.scala:195)
	at org.scalatest.FunSuite.withFixture(FunSuite.scala:1560)
	at org.scalatest.FunSuiteLike.invokeWithFixture$1(FunSuiteLike.scala:184)
	at org.scalatest.FunSuiteLike.$anonfun$runTest$1(FunSuiteLike.scala:196)
	at org.scalatest.SuperEngine.runTestImpl(Engine.scala:289)
	at org.scalatest.FunSuiteLike.runTest(FunSuiteLike.scala:196)
	at org.scalatest.FunSuiteLike.runTest$(FunSuiteLike.scala:178)
	at org.scalatest.FunSuite.runTest(FunSuite.scala:1560)
	at org.scalatest.FunSuiteLike.$anonfun$runTests$1(FunSuiteLike.scala:229)
	at org.scalatest.SuperEngine.$anonfun$runTestsInBranch$1(Engine.scala:396)
	at scala.collection.immutable.List.foreach(List.scala:389)
	at org.scalatest.SuperEngine.traverseSubNodes$1(Engine.scala:384)
	at org.scalatest.SuperEngine.runTestsInBranch(Engine.scala:379)
	at org.scalatest.SuperEngine.runTestsImpl(Engine.scala:461)
	at org.scalatest.FunSuiteLike.runTests(FunSuiteLike.scala:229)
	at org.scalatest.FunSuiteLike.runTests$(FunSuiteLike.scala:228)
	at org.scalatest.FunSuite.runTests(FunSuite.scala:1560)
	at org.scalatest.Suite.run(Suite.scala:1147)
	at org.scalatest.Suite.run$(Suite.scala:1129)
	at org.scalatest.FunSuite.org$scalatest$FunSuiteLike$$super$run(FunSuite.scala:1560)
	at org.scalatest.FunSuiteLike.$anonfun$run$1(FunSuiteLike.scala:233)
	at org.scalatest.SuperEngine.runImpl(Engine.scala:521)
	at org.scalatest.FunSuiteLike.run(FunSuiteLike.scala:233)
	at org.scalatest.FunSuiteLike.run$(FunSuiteLike.scala:232)
	at org.scalatest.FunSuite.run(FunSuite.scala:1560)
	at org.scalatest.tools.Framework.org$scalatest$tools$Framework$$runSuite(Framework.scala:314)
	at org.scalatest.tools.Framework$ScalaTestTask.execute(Framework.scala:507)
	at sbt.TestRunner.runTest$1(TestFramework.scala:106)
	at sbt.TestRunner.run(TestFramework.scala:117)
	at sbt.TestFramework$$anon$2$$anonfun$$lessinit$greater$1.$anonfun$apply$1(TestFramework.scala:262)
	at sbt.TestFramework$.sbt$TestFramework$$withContextLoader(TestFramework.scala:233)
	at sbt.TestFramework$$anon$2$$anonfun$$lessinit$greater$1.apply(TestFramework.scala:262)
	at sbt.TestFramework$$anon$2$$anonfun$$lessinit$greater$1.apply(TestFramework.scala:262)
	at sbt.TestFunction.apply(TestFramework.scala:271)
	at sbt.Tests$.$anonfun$toTask$1(Tests.scala:281)
	at sbt.std.Transform$$anon$3.$anonfun$apply$2(System.scala:46)
	at sbt.std.Transform$$anon$4.work(System.scala:66)
	at sbt.Execute.$anonfun$submit$2(Execute.scala:262)
	at sbt.internal.util.ErrorHandling$.wideConvert(ErrorHandling.scala:16)
	at sbt.Execute.work(Execute.scala:271)
	at sbt.Execute.$anonfun$submit$1(Execute.scala:262)
	at sbt.ConcurrentRestrictions$$anon$4.$anonfun$submitValid$1(ConcurrentRestrictions.scala:174)
	at sbt.CompletionService$$anon$2.call(CompletionService.scala:36)
	at java.util.concurrent.FutureTask.run(FutureTask.java:266)
	at java.util.concurrent.Executors$RunnableAdapter.call(Executors.java:511)
	at java.util.concurrent.FutureTask.run(FutureTask.java:266)
	at java.util.concurrent.ThreadPoolExecutor.runWorker(ThreadPoolExecutor.java:1149)
	at java.util.concurrent.ThreadPoolExecutor$Worker.run(ThreadPoolExecutor.java:624)
	at java.lang.Thread.run(Thread.java:748)
</failure>
                                               </testcase><testcase classname="LexerSuite" name="050 - test Illegal escape 1" time="0.043">
                                                 <failure message="LexerSuite.this.checkLex(input, expect, 50) was false" type="org.scalatest.exceptions.TestFailedException">org.scalatest.exceptions.TestFailedException: LexerSuite.this.checkLex(input, expect, 50) was false
	at org.scalatest.Assertions.newAssertionFailedException(Assertions.scala:528)
	at org.scalatest.Assertions.newAssertionFailedException$(Assertions.scala:527)
	at org.scalatest.FunSuite.newAssertionFailedException(FunSuite.scala:1560)
	at org.scalatest.Assertions$AssertionsHelper.macroAssert(Assertions.scala:501)
	at LexerSuite.$anonfun$new$50(LexerSuite.scala:289)
	at org.scalatest.OutcomeOf.outcomeOf(OutcomeOf.scala:85)
	at org.scalatest.OutcomeOf.outcomeOf$(OutcomeOf.scala:83)
	at org.scalatest.OutcomeOf$.outcomeOf(OutcomeOf.scala:104)
	at org.scalatest.Transformer.apply(Transformer.scala:22)
	at org.scalatest.Transformer.apply(Transformer.scala:20)
	at org.scalatest.FunSuiteLike$$anon$1.apply(FunSuiteLike.scala:186)
	at org.scalatest.TestSuite.withFixture(TestSuite.scala:196)
	at org.scalatest.TestSuite.withFixture$(TestSuite.scala:195)
	at org.scalatest.FunSuite.withFixture(FunSuite.scala:1560)
	at org.scalatest.FunSuiteLike.invokeWithFixture$1(FunSuiteLike.scala:184)
	at org.scalatest.FunSuiteLike.$anonfun$runTest$1(FunSuiteLike.scala:196)
	at org.scalatest.SuperEngine.runTestImpl(Engine.scala:289)
	at org.scalatest.FunSuiteLike.runTest(FunSuiteLike.scala:196)
	at org.scalatest.FunSuiteLike.runTest$(FunSuiteLike.scala:178)
	at org.scalatest.FunSuite.runTest(FunSuite.scala:1560)
	at org.scalatest.FunSuiteLike.$anonfun$runTests$1(FunSuiteLike.scala:229)
	at org.scalatest.SuperEngine.$anonfun$runTestsInBranch$1(Engine.scala:396)
	at scala.collection.immutable.List.foreach(List.scala:389)
	at org.scalatest.SuperEngine.traverseSubNodes$1(Engine.scala:384)
	at org.scalatest.SuperEngine.runTestsInBranch(Engine.scala:379)
	at org.scalatest.SuperEngine.runTestsImpl(Engine.scala:461)
	at org.scalatest.FunSuiteLike.runTests(FunSuiteLike.scala:229)
	at org.scalatest.FunSuiteLike.runTests$(FunSuiteLike.scala:228)
	at org.scalatest.FunSuite.runTests(FunSuite.scala:1560)
	at org.scalatest.Suite.run(Suite.scala:1147)
	at org.scalatest.Suite.run$(Suite.scala:1129)
	at org.scalatest.FunSuite.org$scalatest$FunSuiteLike$$super$run(FunSuite.scala:1560)
	at org.scalatest.FunSuiteLike.$anonfun$run$1(FunSuiteLike.scala:233)
	at org.scalatest.SuperEngine.runImpl(Engine.scala:521)
	at org.scalatest.FunSuiteLike.run(FunSuiteLike.scala:233)
	at org.scalatest.FunSuiteLike.run$(FunSuiteLike.scala:232)
	at org.scalatest.FunSuite.run(FunSuite.scala:1560)
	at org.scalatest.tools.Framework.org$scalatest$tools$Framework$$runSuite(Framework.scala:314)
	at org.scalatest.tools.Framework$ScalaTestTask.execute(Framework.scala:507)
	at sbt.TestRunner.runTest$1(TestFramework.scala:106)
	at sbt.TestRunner.run(TestFramework.scala:117)
	at sbt.TestFramework$$anon$2$$anonfun$$lessinit$greater$1.$anonfun$apply$1(TestFramework.scala:262)
	at sbt.TestFramework$.sbt$TestFramework$$withContextLoader(TestFramework.scala:233)
	at sbt.TestFramework$$anon$2$$anonfun$$lessinit$greater$1.apply(TestFramework.scala:262)
	at sbt.TestFramework$$anon$2$$anonfun$$lessinit$greater$1.apply(TestFramework.scala:262)
	at sbt.TestFunction.apply(TestFramework.scala:271)
	at sbt.Tests$.$anonfun$toTask$1(Tests.scala:281)
	at sbt.std.Transform$$anon$3.$anonfun$apply$2(System.scala:46)
	at sbt.std.Transform$$anon$4.work(System.scala:66)
	at sbt.Execute.$anonfun$submit$2(Execute.scala:262)
	at sbt.internal.util.ErrorHandling$.wideConvert(ErrorHandling.scala:16)
	at sbt.Execute.work(Execute.scala:271)
	at sbt.Execute.$anonfun$submit$1(Execute.scala:262)
	at sbt.ConcurrentRestrictions$$anon$4.$anonfun$submitValid$1(ConcurrentRestrictions.scala:174)
	at sbt.CompletionService$$anon$2.call(CompletionService.scala:36)
	at java.util.concurrent.FutureTask.run(FutureTask.java:266)
	at java.util.concurrent.Executors$RunnableAdapter.call(Executors.java:511)
	at java.util.concurrent.FutureTask.run(FutureTask.java:266)
	at java.util.concurrent.ThreadPoolExecutor.runWorker(ThreadPoolExecutor.java:1149)
	at java.util.concurrent.ThreadPoolExecutor$Worker.run(ThreadPoolExecutor.java:624)
	at java.lang.Thread.run(Thread.java:748)
</failure>
                                               </testcase><testcase classname="LexerSuite" name="051 - test Illegal escape 2" time="0.003">
                                                 <failure message="LexerSuite.this.checkLex(input, expect, 51) was false" type="org.scalatest.exceptions.TestFailedException">org.scalatest.exceptions.TestFailedException: LexerSuite.this.checkLex(input, expect, 51) was false
	at org.scalatest.Assertions.newAssertionFailedException(Assertions.scala:528)
	at org.scalatest.Assertions.newAssertionFailedException$(Assertions.scala:527)
	at org.scalatest.FunSuite.newAssertionFailedException(FunSuite.scala:1560)
	at org.scalatest.Assertions$AssertionsHelper.macroAssert(Assertions.scala:501)
	at LexerSuite.$anonfun$new$51(LexerSuite.scala:294)
	at org.scalatest.OutcomeOf.outcomeOf(OutcomeOf.scala:85)
	at org.scalatest.OutcomeOf.outcomeOf$(OutcomeOf.scala:83)
	at org.scalatest.OutcomeOf$.outcomeOf(OutcomeOf.scala:104)
	at org.scalatest.Transformer.apply(Transformer.scala:22)
	at org.scalatest.Transformer.apply(Transformer.scala:20)
	at org.scalatest.FunSuiteLike$$anon$1.apply(FunSuiteLike.scala:186)
	at org.scalatest.TestSuite.withFixture(TestSuite.scala:196)
	at org.scalatest.TestSuite.withFixture$(TestSuite.scala:195)
	at org.scalatest.FunSuite.withFixture(FunSuite.scala:1560)
	at org.scalatest.FunSuiteLike.invokeWithFixture$1(FunSuiteLike.scala:184)
	at org.scalatest.FunSuiteLike.$anonfun$runTest$1(FunSuiteLike.scala:196)
	at org.scalatest.SuperEngine.runTestImpl(Engine.scala:289)
	at org.scalatest.FunSuiteLike.runTest(FunSuiteLike.scala:196)
	at org.scalatest.FunSuiteLike.runTest$(FunSuiteLike.scala:178)
	at org.scalatest.FunSuite.runTest(FunSuite.scala:1560)
	at org.scalatest.FunSuiteLike.$anonfun$runTests$1(FunSuiteLike.scala:229)
	at org.scalatest.SuperEngine.$anonfun$runTestsInBranch$1(Engine.scala:396)
	at scala.collection.immutable.List.foreach(List.scala:389)
	at org.scalatest.SuperEngine.traverseSubNodes$1(Engine.scala:384)
	at org.scalatest.SuperEngine.runTestsInBranch(Engine.scala:379)
	at org.scalatest.SuperEngine.runTestsImpl(Engine.scala:461)
	at org.scalatest.FunSuiteLike.runTests(FunSuiteLike.scala:229)
	at org.scalatest.FunSuiteLike.runTests$(FunSuiteLike.scala:228)
	at org.scalatest.FunSuite.runTests(FunSuite.scala:1560)
	at org.scalatest.Suite.run(Suite.scala:1147)
	at org.scalatest.Suite.run$(Suite.scala:1129)
	at org.scalatest.FunSuite.org$scalatest$FunSuiteLike$$super$run(FunSuite.scala:1560)
	at org.scalatest.FunSuiteLike.$anonfun$run$1(FunSuiteLike.scala:233)
	at org.scalatest.SuperEngine.runImpl(Engine.scala:521)
	at org.scalatest.FunSuiteLike.run(FunSuiteLike.scala:233)
	at org.scalatest.FunSuiteLike.run$(FunSuiteLike.scala:232)
	at org.scalatest.FunSuite.run(FunSuite.scala:1560)
	at org.scalatest.tools.Framework.org$scalatest$tools$Framework$$runSuite(Framework.scala:314)
	at org.scalatest.tools.Framework$ScalaTestTask.execute(Framework.scala:507)
	at sbt.TestRunner.runTest$1(TestFramework.scala:106)
	at sbt.TestRunner.run(TestFramework.scala:117)
	at sbt.TestFramework$$anon$2$$anonfun$$lessinit$greater$1.$anonfun$apply$1(TestFramework.scala:262)
	at sbt.TestFramework$.sbt$TestFramework$$withContextLoader(TestFramework.scala:233)
	at sbt.TestFramework$$anon$2$$anonfun$$lessinit$greater$1.apply(TestFramework.scala:262)
	at sbt.TestFramework$$anon$2$$anonfun$$lessinit$greater$1.apply(TestFramework.scala:262)
	at sbt.TestFunction.apply(TestFramework.scala:271)
	at sbt.Tests$.$anonfun$toTask$1(Tests.scala:281)
	at sbt.std.Transform$$anon$3.$anonfun$apply$2(System.scala:46)
	at sbt.std.Transform$$anon$4.work(System.scala:66)
	at sbt.Execute.$anonfun$submit$2(Execute.scala:262)
	at sbt.internal.util.ErrorHandling$.wideConvert(ErrorHandling.scala:16)
	at sbt.Execute.work(Execute.scala:271)
	at sbt.Execute.$anonfun$submit$1(Execute.scala:262)
	at sbt.ConcurrentRestrictions$$anon$4.$anonfun$submitValid$1(ConcurrentRestrictions.scala:174)
	at sbt.CompletionService$$anon$2.call(CompletionService.scala:36)
	at java.util.concurrent.FutureTask.run(FutureTask.java:266)
	at java.util.concurrent.Executors$RunnableAdapter.call(Executors.java:511)
	at java.util.concurrent.FutureTask.run(FutureTask.java:266)
	at java.util.concurrent.ThreadPoolExecutor.runWorker(ThreadPoolExecutor.java:1149)
	at java.util.concurrent.ThreadPoolExecutor$Worker.run(ThreadPoolExecutor.java:624)
	at java.lang.Thread.run(Thread.java:748)
</failure>
                                               </testcase><testcase classname="LexerSuite" name="052 - test Illegal escape 3" time="0.006">
                                                 
                                               </testcase><testcase classname="LexerSuite" name="053 - test Error token 1" time="0.009">
                                                 
                                               </testcase><testcase classname="LexerSuite" name="054 - test Others 1" time="0.012">
                                                 
                                               </testcase><testcase classname="LexerSuite" name="055 - test Others 2" time="0.011">
                                                 
                                               </testcase><testcase classname="LexerSuite" name="056 - test Others 3" time="0.035">
                                                 
                                               </testcase><testcase classname="LexerSuite" name="057 - test Others 4" time="0.021">
                                                 
                                               </testcase><testcase classname="LexerSuite" name="058 - test Others 5" time="0.03">
                                                 
                                               </testcase><testcase classname="LexerSuite" name="059 - test Others 6" time="0.016">
                                                 
                                               </testcase><testcase classname="LexerSuite" name="060 - test Others 7" time="0.013">
                                                 
                                               </testcase><testcase classname="LexerSuite" name="061 - test Others 8" time="0.02">
                                                 
                                               </testcase><testcase classname="LexerSuite" name="062 - test Others 9" time="0.026">
                                                 
                                               </testcase><testcase classname="LexerSuite" name="063 - test Others 10" time="0.026">
                                                 
                                               </testcase><testcase classname="LexerSuite" name="064 - test Others 11" time="0.008">
                                                 
                                               </testcase><testcase classname="LexerSuite" name="065 - test Others 12" time="0.014">
                                                 
                                               </testcase><testcase classname="LexerSuite" name="066 - test Others 13" time="0.006">
                                                 
                                               </testcase><testcase classname="LexerSuite" name="067 - test Others 14" time="0.003">
                                                 
                                               </testcase><testcase classname="LexerSuite" name="068 - test Others 15" time="0.009">
                                                 
                                               </testcase><testcase classname="LexerSuite" name="069 - test Others 16" time="0.014">
                                                 
                                               </testcase><testcase classname="LexerSuite" name="070 - test Others 17" time="0.009">
                                                 
                                               </testcase><testcase classname="LexerSuite" name="071 - test Others 18" time="0.034">
                                                 
                                               </testcase><testcase classname="LexerSuite" name="072 - test Others 19" time="0.015">
                                                 
                                               </testcase><testcase classname="LexerSuite" name="073 - test Others 20" time="0.008">
                                                 
                                               </testcase><testcase classname="LexerSuite" name="074 - test Others 21" time="0.014">
                                                 
                                               </testcase><testcase classname="LexerSuite" name="075 - test Others 22" time="0.01">
                                                 
                                               </testcase><testcase classname="LexerSuite" name="076 - test Others 23" time="0.015">
                                                 
                                               </testcase><testcase classname="LexerSuite" name="077 - test Others 24" time="0.008">
                                                 
                                               </testcase><testcase classname="LexerSuite" name="078 - test Others 25" time="0.006">
                                                 
                                               </testcase><testcase classname="LexerSuite" name="079 - test Others 26" time="0.006">
                                                 
                                               </testcase><testcase classname="LexerSuite" name="080 - test Others 27" time="0.02">
                                                 
                                               </testcase><testcase classname="LexerSuite" name="081 - test Others 28" time="0.041">
                                                 
                                               </testcase><testcase classname="LexerSuite" name="082 - test Others 29" time="0.02">
                                                 
                                               </testcase><testcase classname="LexerSuite" name="083 - test Others 30" time="0.023">
                                                 
                                               </testcase><testcase classname="LexerSuite" name="084 - test Others 31" time="0.012">
                                                 
                                               </testcase><testcase classname="LexerSuite" name="085 - test Others 32" time="0.012">
                                                 
                                               </testcase><testcase classname="LexerSuite" name="086 - test Others 33" time="0.01">
                                                 
                                               </testcase><testcase classname="LexerSuite" name="087 - test Others 34" time="0.003">
                                                 
                                               </testcase><testcase classname="LexerSuite" name="088 - test Others 35" time="0.078">
                                                 
                                               </testcase><testcase classname="LexerSuite" name="089 - test Others 36" time="0.011">
                                                 
                                               </testcase><testcase classname="LexerSuite" name="090 - test Others 37" time="0.019">
                                                 
                                               </testcase><testcase classname="LexerSuite" name="091 - test Others 38" time="0.031">
                                                 
                                               </testcase><testcase classname="LexerSuite" name="092 - test Others 39" time="0.04">
                                                 
                                               </testcase><testcase classname="LexerSuite" name="093 - test Others 40" time="0.059">
                                                 
                                               </testcase><testcase classname="LexerSuite" name="094 - test Others 41" time="0.002">
                                                 
                                               </testcase><testcase classname="LexerSuite" name="095 - test Others 42" time="0.016">
                                                 
                                               </testcase><testcase classname="LexerSuite" name="096 - test Others 43" time="0.057">
                                                 
                                               </testcase><testcase classname="LexerSuite" name="097 - test Others 44" time="0.02">
                                                 
                                               </testcase><testcase classname="LexerSuite" name="098 - test Others 45" time="0.006">
                                                 
                                               </testcase><testcase classname="LexerSuite" name="099 - test Others 46" time="0.007">
                                                 
                                               </testcase><testcase classname="LexerSuite" name="100 - test Others 47" time="0.023">
                                                 
                                               </testcase>
                     <system-out><![CDATA[]]></system-out>
                     <system-err><![CDATA[]]></system-err>
                   </testsuite>