<?xml version='1.0' encoding='UTF-8'?>
<testsuite hostname="thomasho" name="ParserSuite" tests="100" errors="0" failures="1" skipped="0" time="3.086">
                     <properties>
      <property name="jline.esc.timeout" value="0"/><property name="jna.platform.library.path" value="/usr/lib/x86_64-linux-gnu:/lib/x86_64-linux-gnu:/lib64:/usr/lib:/lib:/usr/lib32:/lib32:/usr/lib/nvidia-340:/usr/lib32/nvidia-340:/usr/lib/nvidia-340/tls:/usr/lib32/nvidia-340/tls:/usr/lib/x86_64-linux-gnu/libfakeroot:/usr/lib/x86_64-linux-gnu/mesa-egl"/><property name="java.runtime.name" value="Java(TM) SE Runtime Environment"/><property name="sun.boot.library.path" value="/usr/lib/jvm/java-8-oracle/jre/lib/amd64"/><property name="java.vm.version" value="25.161-b12"/><property name="java.vm.vendor" value="Oracle Corporation"/><property name="java.vendor.url" value="http://java.oracle.com/"/><property name="path.separator" value=":"/><property name="jna.loaded" value="true"/><property name="java.vm.name" value="Java HotSpot(TM) 64-Bit Server VM"/><property name="file.encoding.pkg" value="sun.io"/><property name="user.country" value="US"/><property name="sun.java.launcher" value="SUN_STANDARD"/><property name="sun.os.patch.level" value="unknown"/><property name="jna.nosys" value="true"/><property name="java.vm.specification.name" value="Java Virtual Machine Specification"/><property name="user.dir" value="/home/thomasho/Documents/PPL/micro_c_compiler"/><property name="java.runtime.version" value="1.8.0_161-b12"/><property name="java.awt.graphicsenv" value="sun.awt.X11GraphicsEnvironment"/><property name="java.endorsed.dirs" value="/usr/lib/jvm/java-8-oracle/jre/lib/endorsed"/><property name="os.arch" value="amd64"/><property name="java.io.tmpdir" value="/tmp"/><property name="line.separator" value="
"/><property name="java.vm.specification.vendor" value="Oracle Corporation"/><property name="os.name" value="Linux"/><property name="sun.jnu.encoding" value="UTF-8"/><property name="jnidispatch.path" value="/tmp/jna-1395141387/jna5275045284139216879.tmp"/><property name="java.library.path" value="/usr/java/packages/lib/amd64:/usr/lib64:/lib64:/lib:/usr/lib"/><property name="java.specification.name" value="Java Platform API Specification"/><property name="java.class.version" value="52.0"/><property name="sun.management.compiler" value="HotSpot 64-Bit Tiered Compilers"/><property name="os.version" value="4.13.0-38-generic"/><property name="user.home" value="/home/thomasho"/><property name="user.timezone" value="Asia/Ho_Chi_Minh"/><property name="java.awt.printerjob" value="sun.print.PSPrinterJob"/><property name="file.encoding" value="UTF-8"/><property name="java.specification.version" value="1.8"/><property name="java.class.path" value="/usr/share/sbt/bin/sbt-launch.jar"/><property name="user.name" value="thomasho"/><property name="jline.shutdownhook" value="false"/><property name="java.vm.specification.version" value="1.8"/><property name="sun.java.command" value="/usr/share/sbt/bin/sbt-launch.jar"/><property name="java.home" value="/usr/lib/jvm/java-8-oracle/jre"/><property name="sun.arch.data.model" value="64"/><property name="user.language" value="en"/><property name="java.specification.vendor" value="Oracle Corporation"/><property name="awt.toolkit" value="sun.awt.X11.XToolkit"/><property name="java.vm.info" value="mixed mode"/><property name="java.version" value="1.8.0_161"/><property name="java.ext.dirs" value="/usr/lib/jvm/java-8-oracle/jre/lib/ext:/usr/java/packages/lib/ext"/><property name="sun.boot.class.path" value="/usr/lib/jvm/java-8-oracle/jre/lib/resources.jar:/usr/lib/jvm/java-8-oracle/jre/lib/rt.jar:/usr/lib/jvm/java-8-oracle/jre/lib/sunrsasign.jar:/usr/lib/jvm/java-8-oracle/jre/lib/jsse.jar:/usr/lib/jvm/java-8-oracle/jre/lib/jce.jar:/usr/lib/jvm/java-8-oracle/jre/lib/charsets.jar:/usr/lib/jvm/java-8-oracle/jre/lib/jfr.jar:/usr/lib/jvm/java-8-oracle/jre/classes"/><property name="java.vendor" value="Oracle Corporation"/><property name="file.separator" value="/"/><property name="java.vendor.url.bug" value="http://bugreport.sun.com/bugreport/"/><property name="sun.io.unicode.encoding" value="UnicodeLittle"/><property name="sun.cpu.endian" value="little"/><property name="sun.desktop" value="gnome"/><property name="sun.cpu.isalist" value=""/>
    </properties>
                     <testcase classname="ParserSuite" name="101 - test variable declaration in block" time="0.349">
                                                 
                                               </testcase><testcase classname="ParserSuite" name="102 - test variable declaration in block" time="0.029">
                                                 
                                               </testcase><testcase classname="ParserSuite" name="103 - test variable declaration in block" time="0.031">
                                                 
                                               </testcase><testcase classname="ParserSuite" name="104 - test variable declaration in block" time="0.05">
                                                 
                                               </testcase><testcase classname="ParserSuite" name="105 - test variable declaration in block" time="0.028">
                                                 
                                               </testcase><testcase classname="ParserSuite" name="106 - test variable declaration in block" time="0.038">
                                                 
                                               </testcase><testcase classname="ParserSuite" name="107 - test variable declaration in block" time="0.011">
                                                 
                                               </testcase><testcase classname="ParserSuite" name="108 - test variable declaration in block" time="0.022">
                                                 
                                               </testcase><testcase classname="ParserSuite" name="109 - test variable declaration in block" time="0.049">
                                                 
                                               </testcase><testcase classname="ParserSuite" name="110 - test variable declaration in block" time="0.03">
                                                 
                                               </testcase><testcase classname="ParserSuite" name="111 - test variable declaration" time="0.004">
                                                 
                                               </testcase><testcase classname="ParserSuite" name="112 - test variable declaration" time="0.046">
                                                 
                                               </testcase><testcase classname="ParserSuite" name="113 - test variable declaration" time="0.023">
                                                 
                                               </testcase><testcase classname="ParserSuite" name="114 - test variable declaration" time="0.047">
                                                 
                                               </testcase><testcase classname="ParserSuite" name="115 - test variable declaration" time="0.041">
                                                 
                                               </testcase><testcase classname="ParserSuite" name="116 - test variable declaration" time="0.01">
                                                 
                                               </testcase><testcase classname="ParserSuite" name="117 - test variable declaration" time="0.045">
                                                 
                                               </testcase><testcase classname="ParserSuite" name="118 - test variable declaration" time="0.049">
                                                 
                                               </testcase><testcase classname="ParserSuite" name="119 - test variable declaration" time="0.003">
                                                 
                                               </testcase><testcase classname="ParserSuite" name="120 - test variable declaration" time="0.002">
                                                 
                                               </testcase><testcase classname="ParserSuite" name="121 - test function declaration" time="0.005">
                                                 
                                               </testcase><testcase classname="ParserSuite" name="122 - test function declaration" time="0.032">
                                                 
                                               </testcase><testcase classname="ParserSuite" name="123 - test function declaration" time="0.027">
                                                 
                                               </testcase><testcase classname="ParserSuite" name="124 - test function declaration" time="0.027">
                                                 
                                               </testcase><testcase classname="ParserSuite" name="125 - test function declaration" time="0.024">
                                                 
                                               </testcase><testcase classname="ParserSuite" name="126 - test function declaration" time="0.051">
                                                 
                                               </testcase><testcase classname="ParserSuite" name="127 - test function declaration" time="0.066">
                                                 
                                               </testcase><testcase classname="ParserSuite" name="128 - test function declaration" time="0.024">
                                                 
                                               </testcase><testcase classname="ParserSuite" name="129 - test function declaration" time="0.049">
                                                 
                                               </testcase><testcase classname="ParserSuite" name="130 - test function declaration" time="0.027">
                                                 
                                               </testcase><testcase classname="ParserSuite" name="131 - test variable &amp; function declaration" time="0.025">
                                                 
                                               </testcase><testcase classname="ParserSuite" name="132" time="0.03">
                                                 
                                               </testcase><testcase classname="ParserSuite" name="133" time="0.038">
                                                 
                                               </testcase><testcase classname="ParserSuite" name="134" time="0.003">
                                                 
                                               </testcase><testcase classname="ParserSuite" name="135" time="0.009">
                                                 
                                               </testcase><testcase classname="ParserSuite" name="136" time="0.011">
                                                 
                                               </testcase><testcase classname="ParserSuite" name="137" time="0.145">
                                                 
                                               </testcase><testcase classname="ParserSuite" name="138" time="0.03">
                                                 
                                               </testcase><testcase classname="ParserSuite" name="139 - test Statement" time="0.202">
                                                 
                                               </testcase><testcase classname="ParserSuite" name="140 - test Statement" time="0.032">
                                                 
                                               </testcase><testcase classname="ParserSuite" name="141 - test Statement" time="0.001">
                                                 
                                               </testcase><testcase classname="ParserSuite" name="142 - test Statement" time="0.03">
                                                 
                                               </testcase><testcase classname="ParserSuite" name="143" time="0.027">
                                                 
                                               </testcase><testcase classname="ParserSuite" name="144" time="0.058">
                                                 
                                               </testcase><testcase classname="ParserSuite" name="145" time="0.242">
                                                 
                                               </testcase><testcase classname="ParserSuite" name="146" time="0.024">
                                                 
                                               </testcase><testcase classname="ParserSuite" name="147" time="0.049">
                                                 
                                               </testcase><testcase classname="ParserSuite" name="148" time="0.013">
                                                 
                                               </testcase><testcase classname="ParserSuite" name="149" time="0.03">
                                                 
                                               </testcase><testcase classname="ParserSuite" name="150" time="0.014">
                                                 
                                               </testcase><testcase classname="ParserSuite" name="151" time="0.012">
                                                 
                                               </testcase><testcase classname="ParserSuite" name="152" time="0.006">
                                                 
                                               </testcase><testcase classname="ParserSuite" name="153" time="0.018">
                                                 
                                               </testcase><testcase classname="ParserSuite" name="154" time="0.02">
                                                 
                                               </testcase><testcase classname="ParserSuite" name="155" time="0.01">
                                                 
                                               </testcase><testcase classname="ParserSuite" name="156" time="0.096">
                                                 
                                               </testcase><testcase classname="ParserSuite" name="157" time="0.011">
                                                 
                                               </testcase><testcase classname="ParserSuite" name="158" time="0.015">
                                                 
                                               </testcase><testcase classname="ParserSuite" name="159" time="0.014">
                                                 
                                               </testcase><testcase classname="ParserSuite" name="160" time="0.01">
                                                 
                                               </testcase><testcase classname="ParserSuite" name="161 - test Expression 1" time="0.013">
                                                 
                                               </testcase><testcase classname="ParserSuite" name="162 - test Expression 2" time="0.005">
                                                 
                                               </testcase><testcase classname="ParserSuite" name="163 - test Expression 3" time="0.005">
                                                 
                                               </testcase><testcase classname="ParserSuite" name="164 - test Expression 4" time="0.014">
                                                 
                                               </testcase><testcase classname="ParserSuite" name="165 - test Expression 5" time="0.013">
                                                 
                                               </testcase><testcase classname="ParserSuite" name="166 - test Expression 6" time="0.01">
                                                 
                                               </testcase><testcase classname="ParserSuite" name="167" time="0.017">
                                                 
                                               </testcase><testcase classname="ParserSuite" name="168" time="0.002">
                                                 
                                               </testcase><testcase classname="ParserSuite" name="169" time="0.002">
                                                 
                                               </testcase><testcase classname="ParserSuite" name="170" time="0.056">
                                                 
                                               </testcase><testcase classname="ParserSuite" name="171" time="0.007">
                                                 
                                               </testcase><testcase classname="ParserSuite" name="172" time="0.008">
                                                 
                                               </testcase><testcase classname="ParserSuite" name="173" time="0.01">
                                                 
                                               </testcase><testcase classname="ParserSuite" name="174" time="0.003">
                                                 
                                               </testcase><testcase classname="ParserSuite" name="175" time="0.016">
                                                 <failure message="ParserSuite.this.checkRec(input, expect, 175) was false" type="org.scalatest.exceptions.TestFailedException">org.scalatest.exceptions.TestFailedException: ParserSuite.this.checkRec(input, expect, 175) was false
	at org.scalatest.Assertions.newAssertionFailedException(Assertions.scala:528)
	at org.scalatest.Assertions.newAssertionFailedException$(Assertions.scala:527)
	at org.scalatest.FunSuite.newAssertionFailedException(FunSuite.scala:1560)
	at org.scalatest.Assertions$AssertionsHelper.macroAssert(Assertions.scala:501)
	at ParserSuite.$anonfun$new$75(ParserSuite.scala:542)
	at org.scalatest.OutcomeOf.outcomeOf(OutcomeOf.scala:85)
	at org.scalatest.OutcomeOf.outcomeOf$(OutcomeOf.scala:83)
	at org.scalatest.OutcomeOf$.outcomeOf(OutcomeOf.scala:104)
	at org.scalatest.Transformer.apply(Transformer.scala:22)
	at org.scalatest.Transformer.apply(Transformer.scala:20)
	at org.scalatest.FunSuiteLike$$anon$1.apply(FunSuiteLike.scala:186)
	at org.scalatest.TestSuite.withFixture(TestSuite.scala:196)
	at org.scalatest.TestSuite.withFixture$(TestSuite.scala:195)
	at org.scalatest.FunSuite.withFixture(FunSuite.scala:1560)
	at org.scalatest.FunSuiteLike.invokeWithFixture$1(FunSuiteLike.scala:184)
	at org.scalatest.FunSuiteLike.$anonfun$runTest$1(FunSuiteLike.scala:196)
	at org.scalatest.SuperEngine.runTestImpl(Engine.scala:289)
	at org.scalatest.FunSuiteLike.runTest(FunSuiteLike.scala:196)
	at org.scalatest.FunSuiteLike.runTest$(FunSuiteLike.scala:178)
	at org.scalatest.FunSuite.runTest(FunSuite.scala:1560)
	at org.scalatest.FunSuiteLike.$anonfun$runTests$1(FunSuiteLike.scala:229)
	at org.scalatest.SuperEngine.$anonfun$runTestsInBranch$1(Engine.scala:396)
	at scala.collection.immutable.List.foreach(List.scala:389)
	at org.scalatest.SuperEngine.traverseSubNodes$1(Engine.scala:384)
	at org.scalatest.SuperEngine.runTestsInBranch(Engine.scala:379)
	at org.scalatest.SuperEngine.runTestsImpl(Engine.scala:461)
	at org.scalatest.FunSuiteLike.runTests(FunSuiteLike.scala:229)
	at org.scalatest.FunSuiteLike.runTests$(FunSuiteLike.scala:228)
	at org.scalatest.FunSuite.runTests(FunSuite.scala:1560)
	at org.scalatest.Suite.run(Suite.scala:1147)
	at org.scalatest.Suite.run$(Suite.scala:1129)
	at org.scalatest.FunSuite.org$scalatest$FunSuiteLike$$super$run(FunSuite.scala:1560)
	at org.scalatest.FunSuiteLike.$anonfun$run$1(FunSuiteLike.scala:233)
	at org.scalatest.SuperEngine.runImpl(Engine.scala:521)
	at org.scalatest.FunSuiteLike.run(FunSuiteLike.scala:233)
	at org.scalatest.FunSuiteLike.run$(FunSuiteLike.scala:232)
	at org.scalatest.FunSuite.run(FunSuite.scala:1560)
	at org.scalatest.tools.Framework.org$scalatest$tools$Framework$$runSuite(Framework.scala:314)
	at org.scalatest.tools.Framework$ScalaTestTask.execute(Framework.scala:507)
	at sbt.TestRunner.runTest$1(TestFramework.scala:106)
	at sbt.TestRunner.run(TestFramework.scala:117)
	at sbt.TestFramework$$anon$2$$anonfun$$lessinit$greater$1.$anonfun$apply$1(TestFramework.scala:262)
	at sbt.TestFramework$.sbt$TestFramework$$withContextLoader(TestFramework.scala:233)
	at sbt.TestFramework$$anon$2$$anonfun$$lessinit$greater$1.apply(TestFramework.scala:262)
	at sbt.TestFramework$$anon$2$$anonfun$$lessinit$greater$1.apply(TestFramework.scala:262)
	at sbt.TestFunction.apply(TestFramework.scala:271)
	at sbt.Tests$.$anonfun$toTask$1(Tests.scala:281)
	at sbt.std.Transform$$anon$3.$anonfun$apply$2(System.scala:46)
	at sbt.std.Transform$$anon$4.work(System.scala:66)
	at sbt.Execute.$anonfun$submit$2(Execute.scala:262)
	at sbt.internal.util.ErrorHandling$.wideConvert(ErrorHandling.scala:16)
	at sbt.Execute.work(Execute.scala:271)
	at sbt.Execute.$anonfun$submit$1(Execute.scala:262)
	at sbt.ConcurrentRestrictions$$anon$4.$anonfun$submitValid$1(ConcurrentRestrictions.scala:174)
	at sbt.CompletionService$$anon$2.call(CompletionService.scala:36)
	at java.util.concurrent.FutureTask.run(FutureTask.java:266)
	at java.util.concurrent.Executors$RunnableAdapter.call(Executors.java:511)
	at java.util.concurrent.FutureTask.run(FutureTask.java:266)
	at java.util.concurrent.ThreadPoolExecutor.runWorker(ThreadPoolExecutor.java:1149)
	at java.util.concurrent.ThreadPoolExecutor$Worker.run(ThreadPoolExecutor.java:624)
	at java.lang.Thread.run(Thread.java:748)
</failure>
                                               </testcase><testcase classname="ParserSuite" name="176" time="0.005">
                                                 
                                               </testcase><testcase classname="ParserSuite" name="177" time="0.009">
                                                 
                                               </testcase><testcase classname="ParserSuite" name="178" time="0.027">
                                                 
                                               </testcase><testcase classname="ParserSuite" name="179" time="0.009">
                                                 
                                               </testcase><testcase classname="ParserSuite" name="180" time="0.009">
                                                 
                                               </testcase><testcase classname="ParserSuite" name="181" time="0.013">
                                                 
                                               </testcase><testcase classname="ParserSuite" name="182" time="0.006">
                                                 
                                               </testcase><testcase classname="ParserSuite" name="183" time="0.035">
                                                 
                                               </testcase><testcase classname="ParserSuite" name="184" time="0.014">
                                                 
                                               </testcase><testcase classname="ParserSuite" name="185" time="0.017">
                                                 
                                               </testcase><testcase classname="ParserSuite" name="186" time="0.021">
                                                 
                                               </testcase><testcase classname="ParserSuite" name="187" time="0.033">
                                                 
                                               </testcase><testcase classname="ParserSuite" name="188" time="0.008">
                                                 
                                               </testcase><testcase classname="ParserSuite" name="189" time="0.052">
                                                 
                                               </testcase><testcase classname="ParserSuite" name="190" time="0.005">
                                                 
                                               </testcase><testcase classname="ParserSuite" name="191" time="0.019">
                                                 
                                               </testcase><testcase classname="ParserSuite" name="192" time="0.04">
                                                 
                                               </testcase><testcase classname="ParserSuite" name="193" time="0.029">
                                                 
                                               </testcase><testcase classname="ParserSuite" name="194" time="0.012">
                                                 
                                               </testcase><testcase classname="ParserSuite" name="195" time="0.016">
                                                 
                                               </testcase><testcase classname="ParserSuite" name="196" time="0.034">
                                                 
                                               </testcase><testcase classname="ParserSuite" name="197" time="0.008">
                                                 
                                               </testcase><testcase classname="ParserSuite" name="198" time="0.005">
                                                 
                                               </testcase><testcase classname="ParserSuite" name="199" time="0.007">
                                                 
                                               </testcase><testcase classname="ParserSuite" name="200" time="0.008">
                                                 
                                               </testcase>
                     <system-out><![CDATA[]]></system-out>
                     <system-err><![CDATA[]]></system-err>
                   </testsuite>